<?xml version="1.0" encoding="UTF-8"?>
<testsuite xmlns:xsi="http://www.w3.org/2001/XMLSchema-instance" xsi:noNamespaceSchemaLocation="https://maven.apache.org/surefire/maven-surefire-plugin/xsd/surefire-test-report-3.0.xsd" version="3.0" name="com.gtel.srpingtutorial.SrpingTutorialApplicationTests" time="6.521" tests="1" errors="0" skipped="0" failures="0">
  <properties>
[...]
</properties>
  <testcase name="contextLoads" classname="com.gtel.srpingtutorial.SrpingTutorialApplicationTests" time="0.455">
    <system-out><![CDATA[20:53:23.614 [main] INFO org.springframework.test.context.support.AnnotationConfigContextLoaderUtils -- Could not detect default configuration classes for test class [com.gtel.srpingtutorial.SrpingTutorialApplicationTests]: SrpingTutorialApplicationTests does not declare any static, non-private, non-final, nested classes annotated with @Configuration.
20:53:23.723 [main] INFO org.springframework.boot.test.context.SpringBootTestContextBootstrapper -- Found @SpringBootConfiguration com.gtel.srpingtutorial.SrpingTutorialApplication for test class com.gtel.srpingtutorial.SrpingTutorialApplicationTests
  .   ____          _            __ _ _
 /\\ / ___'_ __ _ _(_)_ __  __ _ \ \ \ \
( ( )\___ | '_ | '_| | '_ \/ _` | \ \ \ \
 \\/  ___)| |_)| | | | | || (_| |  ) ) ) )
  '  |____| .__|_| |_|_| |_\__, | / / / /
 =========|_|==============|___/=/_/_/_/

 :: Spring Boot ::                (v3.3.0)

2025-04-08T20:53:24.228+07:00  INFO 7988 --- [srping-tutorial] [           main] c.g.s.SrpingTutorialApplicationTests     : Starting SrpingTutorialApplicationTests using Java 17.0.11 with PID 7988 (started by trant in D:\WorkSpace\Projects\Learn_BE_GTEL\training)
2025-04-08T20:53:24.229+07:00 DEBUG 7988 --- [srping-tutorial] [           main] c.g.s.SrpingTutorialApplicationTests     : Running with Spring Boot v3.3.0, Spring v6.1.8
2025-04-08T20:53:24.229+07:00  INFO 7988 --- [srping-tutorial] [           main] c.g.s.SrpingTutorialApplicationTests     : No active profile set, falling back to 1 default profile: "default"
2025-04-08T20:53:24.946+07:00  INFO 7988 --- [srping-tutorial] [           main] .s.d.r.c.RepositoryConfigurationDelegate : Multiple Spring Data modules found, entering strict repository configuration mode
2025-04-08T20:53:24.948+07:00  INFO 7988 --- [srping-tutorial] [           main] .s.d.r.c.RepositoryConfigurationDelegate : Bootstrapping Spring Data JPA repositories in DEFAULT mode.
2025-04-08T20:53:25.120+07:00  INFO 7988 --- [srping-tutorial] [           main] .s.d.r.c.RepositoryConfigurationDelegate : Finished Spring Data repository scanning in 165 ms. Found 6 JPA repository interfaces.
2025-04-08T20:53:25.142+07:00  INFO 7988 --- [srping-tutorial] [           main] .s.d.r.c.RepositoryConfigurationDelegate : Multiple Spring Data modules found, entering strict repository configuration mode
2025-04-08T20:53:25.144+07:00  INFO 7988 --- [srping-tutorial] [           main] .s.d.r.c.RepositoryConfigurationDelegate : Bootstrapping Spring Data Redis repositories in DEFAULT mode.
2025-04-08T20:53:25.162+07:00  INFO 7988 --- [srping-tutorial] [           main] .RepositoryConfigurationExtensionSupport : Spring Data Redis - Could not safely identify store assignment for repository candidate interface com.gtel.srpingtutorial.repository.AirportRepository; If you want this repository to be a Redis repository, consider annotating your entities with one of these annotations: org.springframework.data.redis.core.RedisHash (preferred), or consider extending one of the following types with your repository: org.springframework.data.keyvalue.repository.KeyValueRepository
2025-04-08T20:53:25.163+07:00  INFO 7988 --- [srping-tutorial] [           main] .RepositoryConfigurationExtensionSupport : Spring Data Redis - Could not safely identify store assignment for repository candidate interface com.gtel.srpingtutorial.repository.LocationRepository; If you want this repository to be a Redis repository, consider annotating your entities with one of these annotations: org.springframework.data.redis.core.RedisHash (preferred), or consider extending one of the following types with your repository: org.springframework.data.keyvalue.repository.KeyValueRepository
2025-04-08T20:53:25.163+07:00  INFO 7988 --- [srping-tutorial] [           main] .RepositoryConfigurationExtensionSupport : Spring Data Redis - Could not safely identify store assignment for repository candidate interface com.gtel.srpingtutorial.repository.UserRepository; If you want this repository to be a Redis repository, consider annotating your entities with one of these annotations: org.springframework.data.redis.core.RedisHash (preferred), or consider extending one of the following types with your repository: org.springframework.data.keyvalue.repository.KeyValueRepository
2025-04-08T20:53:25.171+07:00  INFO 7988 --- [srping-tutorial] [           main] .s.d.r.c.RepositoryConfigurationDelegate : Finished Spring Data repository scanning in 17 ms. Found 3 Redis repository interfaces.
2025-04-08T20:53:25.479+07:00  WARN 7988 --- [srping-tutorial] [           main] trationDelegate$BeanPostProcessorChecker : Bean 'org.springframework.ws.config.annotation.DelegatingWsConfiguration' of type [org.springframework.ws.config.annotation.DelegatingWsConfiguration$$SpringCGLIB$$0] is not eligible for getting processed by all BeanPostProcessors (for example: not eligible for auto-proxying). The currently created BeanPostProcessor [annotationActionEndpointMapping] is declared through a non-static factory method on that class; consider declaring it as static instead.
2025-04-08T20:53:25.513+07:00  INFO 7988 --- [srping-tutorial] [           main] .w.s.a.s.AnnotationActionEndpointMapping : Supporting [WS-Addressing August 2004, WS-Addressing 1.0]
2025-04-08T20:53:25.718+07:00  INFO 7988 --- [srping-tutorial] [           main] o.hibernate.jpa.internal.util.LogHelper  : HHH000204: Processing PersistenceUnitInfo [name: default]
2025-04-08T20:53:25.788+07:00  INFO 7988 --- [srping-tutorial] [           main] org.hibernate.Version                    : HHH000412: Hibernate ORM core version 6.5.2.Final
2025-04-08T20:53:25.835+07:00  INFO 7988 --- [srping-tutorial] [           main] o.h.c.internal.RegionFactoryInitiator    : HHH000026: Second-level cache disabled
2025-04-08T20:53:26.227+07:00  INFO 7988 --- [srping-tutorial] [           main] o.s.o.j.p.SpringPersistenceUnitInfo      : No LoadTimeWeaver setup: ignoring JPA class transformer
2025-04-08T20:53:26.261+07:00  INFO 7988 --- [srping-tutorial] [           main] com.zaxxer.hikari.HikariDataSource       : HikariPool-1 - Starting...
2025-04-08T20:53:26.665+07:00  INFO 7988 --- [srping-tutorial] [           main] com.zaxxer.hikari.pool.HikariPool        : HikariPool-1 - Added connection org.postgresql.jdbc.PgConnection@2c1ea7be
2025-04-08T20:53:26.668+07:00  INFO 7988 --- [srping-tutorial] [           main] com.zaxxer.hikari.HikariDataSource       : HikariPool-1 - Start completed.
2025-04-08T20:53:26.724+07:00  WARN 7988 --- [srping-tutorial] [           main] org.hibernate.orm.deprecation            : HHH90000025: PostgreSQLDialect does not need to be specified explicitly using 'hibernate.dialect' (remove the property setting and it will be selected by default)
2025-04-08T20:53:27.616+07:00  INFO 7988 --- [srping-tutorial] [           main] o.h.e.t.j.p.i.JtaPlatformInitiator       : HHH000489: No JTA platform available (set 'hibernate.transaction.jta.platform' to enable JTA platform integration)
2025-04-08T20:53:27.619+07:00  INFO 7988 --- [srping-tutorial] [           main] j.LocalContainerEntityManagerFactoryBean : Initialized JPA EntityManagerFactory for persistence unit 'default'
2025-04-08T20:53:27.860+07:00  INFO 7988 --- [srping-tutorial] [           main] o.s.d.j.r.query.QueryEnhancerFactory     : Hibernate is in classpath; If applicable, HQL parser will be used.
2025-04-08T20:53:29.494+07:00  INFO 7988 --- [srping-tutorial] [           main] c.g.s.SrpingTutorialApplicationTests     : Started SrpingTutorialApplicationTests in 5.602 seconds (process running for 6.586)
]]></system-out>
  </testcase>
</testsuite>