<?xml version="1.0" encoding="UTF-8"?>
<testsuite xmlns:xsi="http://www.w3.org/2001/XMLSchema-instance" xsi:noNamespaceSchemaLocation="https://maven.apache.org/surefire/maven-surefire-plugin/xsd/surefire-test-report-3.0.xsd" version="3.0" name="com.gtel.srpingtutorial.service.UserServiceTest" time="1.409" tests="13" errors="0" skipped="0" failures="1">
  <properties>
[...]
</properties>
  <testcase name="testConfirmRegisterOtp_WrongOtp_3Times" classname="com.gtel.srpingtutorial.service.UserServiceTest" time="1.289">
    <system-out><![CDATA[2025-04-11T21:07:17.445+07:00  INFO 2352 --- [srping-tutorial] [           main] c.g.srpingtutorial.service.UserService   : [confirmRegisterOtp] - Start processing with transactionId: trx123
]]></system-out>
  </testcase>
  <testcase name="testConfirmRegisterOtp_TransactionIdNotFound" classname="com.gtel.srpingtutorial.service.UserServiceTest" time="0.006">
    <system-out><![CDATA[2025-04-11T21:07:17.474+07:00  INFO 2352 --- [srping-tutorial] [           main] c.g.srpingtutorial.service.UserService   : [confirmRegisterOtp] - Start processing with transactionId: notfound
]]></system-out>
  </testcase>
  <testcase name="testRegisterUser_InvalidPhoneNumber" classname="com.gtel.srpingtutorial.service.UserServiceTest" time="0.012"/>
  <testcase name="testResendOtp_TransactionIdNotFound" classname="com.gtel.srpingtutorial.service.UserServiceTest" time="0.004">
    <system-out><![CDATA[2025-04-11T21:07:17.493+07:00  INFO 2352 --- [srping-tutorial] [           main] c.g.srpingtutorial.service.UserService   : [resendOtp] - Start processing with transactionId: notfound
]]></system-out>
  </testcase>
  <testcase name="testRegisterUser_Success" classname="com.gtel.srpingtutorial.service.UserServiceTest" time="0.015">
    <system-out><![CDATA[2025-04-11T21:07:17.507+07:00  INFO 2352 --- [srping-tutorial] [           main] c.g.srpingtutorial.service.UserService   : [registerUser] - user register with phone 84123456789 START
2025-04-11T21:07:17.508+07:00  INFO 2352 --- [srping-tutorial] [           main] c.g.srpingtutorial.service.UserService   : [registerUser] - user register with phone 0123456789 DONE
]]></system-out>
  </testcase>
  <testcase name="testResendOtp_ExceedMaxAttempts" classname="com.gtel.srpingtutorial.service.UserServiceTest" time="0.005">
    <system-out><![CDATA[2025-04-11T21:07:17.516+07:00  INFO 2352 --- [srping-tutorial] [           main] c.g.srpingtutorial.service.UserService   : [resendOtp] - Start processing with transactionId: trx123
]]></system-out>
  </testcase>
  <testcase name="testConfirmRegisterOtp_WrongOtp_LessThan3Times" classname="com.gtel.srpingtutorial.service.UserServiceTest" time="0.012">
    <system-out><![CDATA[2025-04-11T21:07:17.524+07:00  INFO 2352 --- [srping-tutorial] [           main] c.g.srpingtutorial.service.UserService   : [confirmRegisterOtp] - Start processing with transactionId: trx123
]]></system-out>
  </testcase>
  <testcase name="testConfirmRegisterOtp_ExpiredOtp" classname="com.gtel.srpingtutorial.service.UserServiceTest" time="0.008">
    <system-out><![CDATA[2025-04-11T21:07:17.539+07:00  INFO 2352 --- [srping-tutorial] [           main] c.g.srpingtutorial.service.UserService   : [confirmRegisterOtp] - Start processing with transactionId: trx123
]]></system-out>
  </testcase>
  <testcase name="testRegisterUser_UserAlreadyExists" classname="com.gtel.srpingtutorial.service.UserServiceTest" time="0.006">
    <system-out><![CDATA[2025-04-11T21:07:17.547+07:00  INFO 2352 --- [srping-tutorial] [           main] c.g.srpingtutorial.service.UserService   : [registerUser] - user register with phone 84123456789 START
2025-04-11T21:07:17.547+07:00  INFO 2352 --- [srping-tutorial] [           main] c.g.srpingtutorial.service.UserService   : [registerUser] request fail : user already exists with phone 84123456789
]]></system-out>
  </testcase>
  <testcase name="testResendOtp_Success" classname="com.gtel.srpingtutorial.service.UserServiceTest" time="0.011">
    <failure message="expected: &lt;999999&gt; but was: &lt;null&gt;" type="org.opentest4j.AssertionFailedError"><![CDATA[org.opentest4j.AssertionFailedError: expected: <999999> but was: <null>
	at org.junit.jupiter.api.AssertionFailureBuilder.build(AssertionFailureBuilder.java:151)
	at org.junit.jupiter.api.AssertionFailureBuilder.buildAndThrow(AssertionFailureBuilder.java:132)
	at org.junit.jupiter.api.AssertEquals.failNotEqual(AssertEquals.java:197)
	at org.junit.jupiter.api.AssertEquals.assertEquals(AssertEquals.java:182)
	at org.junit.jupiter.api.AssertEquals.assertEquals(AssertEquals.java:177)
	at org.junit.jupiter.api.Assertions.assertEquals(Assertions.java:1145)
	at com.gtel.srpingtutorial.service.UserServiceTest.testResendOtp_Success(UserServiceTest.java:109)
	at java.base/java.lang.reflect.Method.invoke(Method.java:568)
	at java.base/java.util.ArrayList.forEach(ArrayList.java:1511)
	at java.base/java.util.ArrayList.forEach(ArrayList.java:1511)
]]></failure>
    <system-out><![CDATA[2025-04-11T21:07:17.552+07:00  INFO 2352 --- [srping-tutorial] [           main] c.g.srpingtutorial.service.UserService   : [resendOtp] - Start processing with transactionId: trx123
2025-04-11T21:07:17.553+07:00  INFO 2352 --- [srping-tutorial] [           main] c.g.srpingtutorial.service.UserService   : [resendOtp] - Successfully resend OTP for transactionId: trx123
2025-04-11T21:07:17.553+07:00  INFO 2352 --- [srping-tutorial] [           main] c.g.srpingtutorial.service.UserService   : [newOtp] - New OTP sent: 999999
]]></system-out>
  </testcase>
  <testcase name="testRegisterUser_InvalidPassword" classname="com.gtel.srpingtutorial.service.UserServiceTest" time="0.003"/>
  <testcase name="testResendOtp_TooEarlyToResend" classname="com.gtel.srpingtutorial.service.UserServiceTest" time="0.004">
    <system-out><![CDATA[2025-04-11T21:07:17.570+07:00  INFO 2352 --- [srping-tutorial] [           main] c.g.srpingtutorial.service.UserService   : [resendOtp] - Start processing with transactionId: trx123
]]></system-out>
  </testcase>
  <testcase name="testConfirmRegisterOtp_Success" classname="com.gtel.srpingtutorial.service.UserServiceTest" time="0.009">
    <system-out><![CDATA[2025-04-11T21:07:17.575+07:00  INFO 2352 --- [srping-tutorial] [           main] c.g.srpingtutorial.service.UserService   : [confirmRegisterOtp] - Start processing with transactionId: trx123
2025-04-11T21:07:17.579+07:00  INFO 2352 --- [srping-tutorial] [           main] c.g.srpingtutorial.service.UserService   : [confirmRegisterOtp] - Successful OTP authentication for transactionId: trx123
]]></system-out>
  </testcase>
</testsuite>